# JRE version: OpenJDK Runtime Environment (8.0_152-b02) (build 1.8.0_152-release-1024-b02)
# Java VM: OpenJDK 64-Bit Server VM (25.152-b02 mixed mode windows-amd64 compressed oops)
Heap:
 PSYoungGen      total 308736K, used 163513K [0x00000000e0000000, 0x00000000f5580000, 0x0000000100000000)
  eden space 280064K, 48% used [0x00000000e0000000,0x00000000e83b61a0,0x00000000f1180000)
  from space 28672K, 99% used [0x00000000f1b80000,0x00000000f37782b8,0x00000000f3780000)
  to   space 30720K, 0% used [0x00000000f3780000,0x00000000f3780000,0x00000000f5580000)
 ParOldGen       total 140288K, used 39211K [0x00000000a0000000, 0x00000000a8900000, 0x00000000e0000000)
  object space 140288K, 27% used [0x00000000a0000000,0x00000000a264ad18,0x00000000a8900000)
 Metaspace       used 74232K, capacity 77401K, committed 77528K, reserved 1116160K
  class space    used 9725K, capacity 10434K, committed 10496K, reserved 1048576K
GC Heap History (10 events):
Event: 20.039 GC heap before
{Heap before GC invocations=10 (full 2):
 PSYoungGen      total 201728K, used 201716K [0x00000000e0000000, 0x00000000f1c80000, 0x0000000100000000)
  eden space 187392K, 100% used [0x00000000e0000000,0x00000000eb700000,0x00000000eb700000)
  from space 14336K, 99% used [0x00000000eb700000,0x00000000ec4fd230,0x00000000ec500000)
  to   space 18432K, 0% used [0x00000000f0a80000,0x00000000f0a80000,0x00000000f1c80000)
 ParOldGen       total 97792K, used 20699K [0x00000000a0000000, 0x00000000a5f80000, 0x00000000e0000000)
  object space 97792K, 21% used [0x00000000a0000000,0x00000000a1436f88,0x00000000a5f80000)
 Metaspace       used 56343K, capacity 57888K, committed 58072K, reserved 1099776K
  class space    used 7534K, capacity 7926K, committed 7936K, reserved 1048576K
Event: 20.076 GC heap after
Heap after GC invocations=10 (full 2):
 PSYoungGen      total 264704K, used 18420K [0x00000000e0000000, 0x00000000f1c80000, 0x0000000100000000)
  eden space 246272K, 0% used [0x00000000e0000000,0x00000000e0000000,0x00000000ef080000)
  from space 18432K, 99% used [0x00000000f0a80000,0x00000000f1c7d3d0,0x00000000f1c80000)
  to   space 22528K, 0% used [0x00000000ef080000,0x00000000ef080000,0x00000000f0680000)
 ParOldGen       total 97792K, used 23396K [0x00000000a0000000, 0x00000000a5f80000, 0x00000000e0000000)
  object space 97792K, 23% used [0x00000000a0000000,0x00000000a16d9320,0x00000000a5f80000)
 Metaspace       used 56343K, capacity 57888K, committed 58072K, reserved 1099776K
  class space    used 7534K, capacity 7926K, committed 7936K, reserved 1048576K
}
Event: 22.121 GC heap before
{Heap before GC invocations=11 (full 2):
 PSYoungGen      total 264704K, used 58092K [0x00000000e0000000, 0x00000000f1c80000, 0x0000000100000000)
  eden space 246272K, 16% used [0x00000000e0000000,0x00000000e26bdf88,0x00000000ef080000)
  from space 18432K, 99% used [0x00000000f0a80000,0x00000000f1c7d3d0,0x00000000f1c80000)
  to   space 22528K, 0% used [0x00000000ef080000,0x00000000ef080000,0x00000000f0680000)
 ParOldGen       total 97792K, used 23396K [0x00000000a0000000, 0x00000000a5f80000, 0x00000000e0000000)
  object space 97792K, 23% used [0x00000000a0000000,0x00000000a16d9320,0x00000000a5f80000)
 Metaspace       used 57469K, capacity 58986K, committed 59028K, reserved 1099776K
  class space    used 7673K, capacity 8047K, committed 8064K, reserved 1048576K
Event: 22.150 GC heap after
Heap after GC invocations=11 (full 2):
 PSYoungGen      total 268800K, used 18303K [0x00000000e0000000, 0x00000000f4f80000, 0x0000000100000000)
  eden space 246272K, 0% used [0x00000000e0000000,0x00000000e0000000,0x00000000ef080000)
  from space 22528K, 81% used [0x00000000ef080000,0x00000000f025fcc0,0x00000000f0680000)
  to   space 24064K, 0% used [0x00000000f3800000,0x00000000f3800000,0x00000000f4f80000)
 ParOldGen       total 97792K, used 23404K [0x00000000a0000000, 0x00000000a5f80000, 0x00000000e0000000)
  object space 97792K, 23% used [0x00000000a0000000,0x00000000a16db320,0x00000000a5f80000)
 Metaspace       used 57469K, capacity 58986K, committed 59028K, reserved 1099776K
  class space    used 7673K, capacity 8047K, committed 8064K, reserved 1048576K
}
Event: 22.150 GC heap before
{Heap before GC invocations=12 (full 3):
 PSYoungGen      total 268800K, used 18303K [0x00000000e0000000, 0x00000000f4f80000, 0x0000000100000000)
  eden space 246272K, 0% used [0x00000000e0000000,0x00000000e0000000,0x00000000ef080000)
  from space 22528K, 81% used [0x00000000ef080000,0x00000000f025fcc0,0x00000000f0680000)
  to   space 24064K, 0% used [0x00000000f3800000,0x00000000f3800000,0x00000000f4f80000)
 ParOldGen       total 97792K, used 23404K [0x00000000a0000000, 0x00000000a5f80000, 0x00000000e0000000)
  object space 97792K, 23% used [0x00000000a0000000,0x00000000a16db320,0x00000000a5f80000)
 Metaspace       used 57469K, capacity 58986K, committed 59028K, reserved 1099776K
  class space    used 7673K, capacity 8047K, committed 8064K, reserved 1048576K
Event: 22.374 GC heap after
Heap after GC invocations=12 (full 3):
 PSYoungGen      total 268800K, used 0K [0x00000000e0000000, 0x00000000f4f80000, 0x0000000100000000)
  eden space 246272K, 0% used [0x00000000e0000000,0x00000000e0000000,0x00000000ef080000)
  from space 22528K, 0% used [0x00000000ef080000,0x00000000ef080000,0x00000000f0680000)
  to   space 24064K, 0% used [0x00000000f3800000,0x00000000f3800000,0x00000000f4f80000)
 ParOldGen       total 140288K, used 31321K [0x00000000a0000000, 0x00000000a8900000, 0x00000000e0000000)
  object space 140288K, 22% used [0x00000000a0000000,0x00000000a1e965b0,0x00000000a8900000)
 Metaspace       used 57469K, capacity 58986K, committed 59028K, reserved 1099776K
  class space    used 7673K, capacity 8047K, committed 8064K, reserved 1048576K
}
Event: 496.936 GC heap before
{Heap before GC invocations=13 (full 3):
 PSYoungGen      total 268800K, used 246272K [0x00000000e0000000, 0x00000000f4f80000, 0x0000000100000000)
  eden space 246272K, 100% used [0x00000000e0000000,0x00000000ef080000,0x00000000ef080000)
  from space 22528K, 0% used [0x00000000ef080000,0x00000000ef080000,0x00000000f0680000)
  to   space 24064K, 0% used [0x00000000f3800000,0x00000000f3800000,0x00000000f4f80000)
 ParOldGen       total 140288K, used 31321K [0x00000000a0000000, 0x00000000a8900000, 0x00000000e0000000)
  object space 140288K, 22% used [0x00000000a0000000,0x00000000a1e965b0,0x00000000a8900000)
 Metaspace       used 66671K, capacity 68884K, committed 68952K, reserved 1110016K
  class space    used 8761K, capacity 9297K, committed 9344K, reserved 1048576K
Event: 497.014 GC heap after
Heap after GC invocations=13 (full 3):
 PSYoungGen      total 314368K, used 24034K [0x00000000e0000000, 0x00000000f5380000, 0x0000000100000000)
  eden space 290304K, 0% used [0x00000000e0000000,0x00000000e0000000,0x00000000f1b80000)
  from space 24064K, 99% used [0x00000000f3800000,0x00000000f4f78818,0x00000000f4f80000)
  to   space 28672K, 0% used [0x00000000f1b80000,0x00000000f1b80000,0x00000000f3780000)
 ParOldGen       total 140288K, used 34310K [0x00000000a0000000, 0x00000000a8900000, 0x00000000e0000000)
  object space 140288K, 24% used [0x00000000a0000000,0x00000000a21819e0,0x00000000a8900000)
 Metaspace       used 66671K, capacity 68884K, committed 68952K, reserved 1110016K
  class space    used 8761K, capacity 9297K, committed 9344K, reserved 1048576K
}
Event: 1165.106 GC heap before
{Heap before GC invocations=14 (full 3):
 PSYoungGen      total 314368K, used 314338K [0x00000000e0000000, 0x00000000f5380000, 0x0000000100000000)
  eden space 290304K, 100% used [0x00000000e0000000,0x00000000f1b80000,0x00000000f1b80000)
  from space 24064K, 99% used [0x00000000f3800000,0x00000000f4f78818,0x00000000f4f80000)
  to   space 28672K, 0% used [0x00000000f1b80000,0x00000000f1b80000,0x00000000f3780000)
 ParOldGen       total 140288K, used 34310K [0x00000000a0000000, 0x00000000a8900000, 0x00000000e0000000)
  object space 140288K, 24% used [0x00000000a0000000,0x00000000a21819e0,0x00000000a8900000)
 Metaspace       used 73659K, capacity 76715K, committed 76888K, reserved 1116160K
  class space    used 9654K, capacity 10335K, committed 10368K, reserved 1048576K
Event: 1165.190 GC heap after
Heap after GC invocations=14 (full 3):
 PSYoungGen      total 308736K, used 28640K [0x00000000e0000000, 0x00000000f5580000, 0x0000000100000000)
  eden space 280064K, 0% used [0x00000000e0000000,0x00000000e0000000,0x00000000f1180000)
  from space 28672K, 99% used [0x00000000f1b80000,0x00000000f37782b8,0x00000000f3780000)
  to   space 30720K, 0% used [0x00000000f3780000,0x00000000f3780000,0x00000000f5580000)
 ParOldGen       total 140288K, used 39211K [0x00000000a0000000, 0x00000000a8900000, 0x00000000e0000000)
  object space 140288K, 27% used [0x00000000a0000000,0x00000000a264ad18,0x00000000a8900000)
 Metaspace       used 73659K, capacity 76715K, committed 76888K, reserved 1116160K
  class space    used 9654K, capacity 10335K, committed 10368K, reserved 1048576K
}

